<?xml version="1.0" encoding="UTF-8"?>
<!-- Generated by org.testng.reporters.JUnitReportReporter -->
<testsuite hostname="DESKTOP-PVK67FC" failures="0" tests="1" name="Package2.RegisterationTestcase" time="11.272" errors="0" timestamp="12 Dec 2021 20:12:15 GMT" skipped="0">
  <testcase classname="Package2.RegisterationTestcase" name="userregisterationsuccessfully" time="11.272"/>
</testsuite> <!-- Package2.RegisterationTestcase -->
