<?xml version="1.0" encoding="UTF-8"?>
<!-- Generated by org.testng.reporters.JUnitReportReporter -->
<testsuite hostname="DESKTOP-PVK67FC" failures="0" tests="1" name="Package2.BuyProductTestcase" time="15.531" errors="0" timestamp="13 Dec 2021 18:55:09 GMT" skipped="0">
  <testcase classname="Package2.BuyProductTestcase" name="Buyproductsuccessfully" time="15.531"/>
</testsuite> <!-- Package2.BuyProductTestcase -->
