<?xml version="1.0" encoding="UTF-8"?>
<!-- Generated by org.testng.reporters.JUnitReportReporter -->
<testsuite hostname="DESKTOP-PVK67FC" failures="0" tests="1" name="Package2.RegisterationTestcase" time="15.076" errors="0" timestamp="24 Dec 2021 09:49:48 GMT" skipped="0">
  <testcase classname="Package2.RegisterationTestcase" name="userregisterationsuccessfully" time="15.076"/>
</testsuite> <!-- Package2.RegisterationTestcase -->
