<?xml version="1.0" encoding="UTF-8"?>
<!-- Generated by org.testng.reporters.JUnitReportReporter -->
<testsuite hostname="IT-022113-MMD" failures="0" tests="1" name="Package2.RegisterationTestcase" time="7.316" errors="0" timestamp="29 Nov 2021 09:49:40 GMT" skipped="0">
  <testcase classname="Package2.RegisterationTestcase" name="userregisterationsuccessfully" time="7.316"/>
</testsuite> <!-- Package2.RegisterationTestcase -->
