<?xml version="1.0" encoding="UTF-8"?>
<!-- Generated by org.testng.reporters.JUnitReportReporter -->
<testsuite hostname="DESKTOP-PVK67FC" failures="0" tests="3" name="Package2.BuyProductTestcase" time="39.094" errors="0" timestamp="24 Dec 2021 09:27:56 GMT" skipped="0">
  <testcase classname="Package2.BuyProductTestcase" name="Usercansearchwithautosuggest" time="15.148"/>
  <testcase classname="Package2.BuyProductTestcase" name="Usercanaddproductinthecart" time="9.892"/>
  <testcase classname="Package2.BuyProductTestcase" name="Confirm" time="14.054"/>
</testsuite> <!-- Package2.BuyProductTestcase -->
