<?xml version="1.0" encoding="UTF-8"?>
<!-- Generated by org.testng.reporters.JUnitReportReporter -->
<testsuite hostname="DESKTOP-PVK67FC" failures="0" tests="1" name="Package2.RegisterationTestcase" time="13.878" errors="0" timestamp="22 Dec 2021 01:25:56 GMT" skipped="0">
  <testcase classname="Package2.RegisterationTestcase" name="userregisterationsuccessfully" time="13.878"/>
</testsuite> <!-- Package2.RegisterationTestcase -->
