<?xml version="1.0" encoding="UTF-8"?>
<!-- Generated by org.testng.reporters.JUnitReportReporter -->
<testsuite hostname="DESKTOP-PVK67FC" failures="0" tests="1" name="Package2.RegisterationTestcase" time="16.041" errors="0" timestamp="29 Dec 2021 01:11:21 GMT" skipped="0">
  <testcase classname="Package2.RegisterationTestcase" name="userregisterationsuccessfully" time="16.041"/>
</testsuite> <!-- Package2.RegisterationTestcase -->
