<?xml version="1.0" encoding="UTF-8"?>
<!-- Generated by org.testng.reporters.JUnitReportReporter -->
<testsuite hostname="DESKTOP-PVK67FC" failures="0" tests="3" name="Package2.BuyProductTestcase" time="50.829" errors="0" timestamp="04 Feb 2022 21:26:17 GMT" skipped="0">
  <testcase classname="Package2.BuyProductTestcase" name="Usercansearchwithautosuggest" time="21.464"/>
  <testcase classname="Package2.BuyProductTestcase" name="Usercanaddproductinthecart" time="11.416"/>
  <testcase classname="Package2.BuyProductTestcase" name="Confirm" time="17.949"/>
</testsuite> <!-- Package2.BuyProductTestcase -->
